[    0.000000] Linux version 4.15.0-206-generic (buildd@lcy02-amd64-070) (gcc version 7.5.0 (Ubuntu 7.5.0-3ubuntu1~18.04)) #217-Ubuntu SMP Fri Feb 3 19:10:13 UTC 2023 (Ubuntu 4.15.0-206.217-generic 4.15.18)
[    0.000000] Command line: BOOT_IMAGE=/boot/vmlinuz-4.15.0-206-generic root=LABEL=cloudimg-rootfs ro console=tty1 console=ttyS0
[    0.000000] KERNEL supported cpus:
[    0.000000]   Intel GenuineIntel
[    0.000000]   AMD AuthenticAMD
[    0.000000]   Centaur CentaurHauls
[    0.000000] x86/fpu: Supporting XSAVE feature 0x001: 'x87 floating point registers'
[    0.000000] x86/fpu: Supporting XSAVE feature 0x002: 'SSE registers'
[    0.000000] x86/fpu: Supporting XSAVE feature 0x004: 'AVX registers'
[    0.000000] x86/fpu: xstate_offset[2]:  576, xstate_sizes[2]:  256
[    0.000000] x86/fpu: Enabled xstate features 0x7, context size is 832 bytes, using 'standard' format.
[    0.000000] e820: BIOS-provided physical RAM map:
[    0.000000] BIOS-e820: [mem 0x0000000000000000-0x000000000009fbff] usable
[    0.000000] BIOS-e820: [mem 0x000000000009fc00-0x000000000009ffff] reserved
[    0.000000] BIOS-e820: [mem 0x00000000000f0000-0x00000000000fffff] reserved
[    0.000000] BIOS-e820: [mem 0x0000000000100000-0x000000007ffeffff] usable
[    0.000000] BIOS-e820: [mem 0x000000007fff0000-0x000000007fffffff] ACPI data
[    0.000000] BIOS-e820: [mem 0x00000000fec00000-0x00000000fec00fff] reserved
[    0.000000] BIOS-e820: [mem 0x00000000fee00000-0x00000000fee00fff] reserved
[    0.000000] BIOS-e820: [mem 0x00000000fffc0000-0x00000000ffffffff] reserved
[    0.000000] NX (Execute Disable) protection: active
[    0.000000] SMBIOS 2.5 present.
[    0.000000] DMI: innotek GmbH VirtualBox/VirtualBox, BIOS VirtualBox 12/01/2006
[    0.000000] Hypervisor detected: KVM
[    0.000000] e820: last_pfn = 0x7fff0 max_arch_pfn = 0x400000000
[    0.000000] MTRR: Disabled
[    0.000000] x86/PAT: MTRRs disabled, skipping PAT initialization too.
[    0.000000] CPU MTRRs all blank - virtualized system.
[    0.000000] x86/PAT: Configuration [0-7]: WB  WT  UC- UC  WB  WT  UC- UC  
[    0.000000] found SMP MP-table at [mem 0x0009fff0-0x0009ffff]
[    0.000000] Scanning 1 areas for low memory corruption
[    0.000000] RAMDISK: [mem 0x359c9000-0x36cdbfff]
[    0.000000] ACPI: Early table checksum verification disabled
[    0.000000] ACPI: RSDP 0x00000000000E0000 000024 (v02 VBOX  )
[    0.000000] ACPI: XSDT 0x000000007FFF0030 00003C (v01 VBOX   VBOXXSDT 00000001 ASL  00000061)
[    0.000000] ACPI: FACP 0x000000007FFF00F0 0000F4 (v04 VBOX   VBOXFACP 00000001 ASL  00000061)
[    0.000000] ACPI: DSDT 0x000000007FFF0470 002325 (v02 VBOX   VBOXBIOS 00000002 INTL 20190509)
[    0.000000] ACPI: FACS 0x000000007FFF0200 000040
[    0.000000] ACPI: FACS 0x000000007FFF0200 000040
[    0.000000] ACPI: APIC 0x000000007FFF0240 00005C (v02 VBOX   VBOXAPIC 00000001 ASL  00000061)
[    0.000000] ACPI: SSDT 0x000000007FFF02A0 0001CC (v01 VBOX   VBOXCPUT 00000002 INTL 20190509)
[    0.000000] ACPI: Reserving FACP table memory at [mem 0x7fff00f0-0x7fff01e3]
[    0.000000] ACPI: Reserving DSDT table memory at [mem 0x7fff0470-0x7fff2794]
[    0.000000] ACPI: Reserving FACS table memory at [mem 0x7fff0200-0x7fff023f]
[    0.000000] ACPI: Reserving FACS table memory at [mem 0x7fff0200-0x7fff023f]
[    0.000000] ACPI: Reserving APIC table memory at [mem 0x7fff0240-0x7fff029b]
[    0.000000] ACPI: Reserving SSDT table memory at [mem 0x7fff02a0-0x7fff046b]
[    0.000000] No NUMA configuration found
[    0.000000] Faking a node at [mem 0x0000000000000000-0x000000007ffeffff]
[    0.000000] NODE_DATA(0) allocated [mem 0x7ffc5000-0x7ffeffff]
[    0.000000] kvm-clock: cpu 0, msr 0:7ff44001, primary cpu clock
[    0.000000] kvm-clock: Using msrs 4b564d01 and 4b564d00
[    0.000000] kvm-clock: using sched offset of 3383178175 cycles
[    0.000000] clocksource: kvm-clock: mask: 0xffffffffffffffff max_cycles: 0x1cd42e4dffb, max_idle_ns: 881590591483 ns
[    0.000000] Zone ranges:
[    0.000000]   DMA      [mem 0x0000000000001000-0x0000000000ffffff]
[    0.000000]   DMA32    [mem 0x0000000001000000-0x000000007ffeffff]
[    0.000000]   Normal   empty
[    0.000000]   Device   empty
[    0.000000] Movable zone start for each node
[    0.000000] Early memory node ranges
[    0.000000]   node   0: [mem 0x0000000000001000-0x000000000009efff]
[    0.000000]   node   0: [mem 0x0000000000100000-0x000000007ffeffff]
[    0.000000] Reserved but unavailable: 104 pages
[    0.000000] Initmem setup node 0 [mem 0x0000000000001000-0x000000007ffeffff]
[    0.000000] ACPI: PM-Timer IO Port: 0x4008
[    0.000000] IOAPIC[0]: apic_id 2, version 32, address 0xfec00000, GSI 0-23
[    0.000000] ACPI: INT_SRC_OVR (bus 0 bus_irq 0 global_irq 2 dfl dfl)
[    0.000000] ACPI: INT_SRC_OVR (bus 0 bus_irq 9 global_irq 9 low level)
[    0.000000] Using ACPI (MADT) for SMP configuration information
[    0.000000] smpboot: Allowing 2 CPUs, 0 hotplug CPUs
[    0.000000] PM: Registered nosave memory: [mem 0x00000000-0x00000fff]
[    0.000000] PM: Registered nosave memory: [mem 0x0009f000-0x0009ffff]
[    0.000000] PM: Registered nosave memory: [mem 0x000a0000-0x000effff]
[    0.000000] PM: Registered nosave memory: [mem 0x000f0000-0x000fffff]
[    0.000000] e820: [mem 0x80000000-0xfebfffff] available for PCI devices
[    0.000000] Booting paravirtualized kernel on KVM
[    0.000000] clocksource: refined-jiffies: mask: 0xffffffff max_cycles: 0xffffffff, max_idle_ns: 7645519600211568 ns
[    0.000000] setup_percpu: NR_CPUS:8192 nr_cpumask_bits:2 nr_cpu_ids:2 nr_node_ids:1
[    0.000000] percpu: Embedded 50 pages/cpu s167936 r8192 d28672 u1048576
[    0.000000] PV qspinlock hash table entries: 256 (order: 0, 4096 bytes)
[    0.000000] Built 1 zonelists, mobility grouping on.  Total pages: 515961
[    0.000000] Policy zone: DMA32
[    0.000000] Kernel command line: BOOT_IMAGE=/boot/vmlinuz-4.15.0-206-generic root=LABEL=cloudimg-rootfs ro console=tty1 console=ttyS0
[    0.000000] Memory: 2014832K/2096696K available (12300K kernel code, 2477K rwdata, 4324K rodata, 2480K init, 2720K bss, 81864K reserved, 0K cma-reserved)
[    0.000000] SLUB: HWalign=64, Order=0-3, MinObjects=0, CPUs=2, Nodes=1
[    0.000000] Kernel/User page tables isolation: enabled
[    0.000000] ftrace: allocating 39485 entries in 155 pages
[    0.004000] Hierarchical RCU implementation.
[    0.004000] 	RCU restricting CPUs from NR_CPUS=8192 to nr_cpu_ids=2.
[    0.004000] 	Tasks RCU enabled.
[    0.004000] RCU: Adjusting geometry for rcu_fanout_leaf=16, nr_cpu_ids=2
[    0.004000] NR_IRQS: 524544, nr_irqs: 440, preallocated irqs: 16
[    0.004000] random: crng init done
[    0.004000] Console: colour VGA+ 80x25
[    0.004000] console [tty1] enabled
[    0.004000] console [ttyS0] enabled
[    0.004000] ACPI: Core revision 20170831
[    0.004000] ACPI: 2 ACPI AML tables successfully acquired and loaded
[    0.004000] APIC: Switch to symmetric I/O mode setup
[    0.004055] x2apic enabled
[    0.005496] Switched APIC routing to physical x2apic.
[    0.008000] ..TIMER: vector=0x30 apic1=0 pin1=2 apic2=-1 pin2=-1
[    0.008008] tsc: Detected 2494.228 MHz processor
[    0.012018] Calibrating delay loop (skipped) preset value.. 4988.45 BogoMIPS (lpj=9976912)
[    0.014583] pid_max: default: 32768 minimum: 301
[    0.016053] Security Framework initialized
[    0.017049] Yama: becoming mindful.
[    0.017987] AppArmor: AppArmor initialized
[    0.020333] Dentry cache hash table entries: 262144 (order: 9, 2097152 bytes)
[    0.023126] Inode-cache hash table entries: 131072 (order: 8, 1048576 bytes)
[    0.024032] Mount-cache hash table entries: 4096 (order: 3, 32768 bytes)
[    0.025574] Mountpoint-cache hash table entries: 4096 (order: 3, 32768 bytes)
[    0.028286] Last level iTLB entries: 4KB 1024, 2MB 1024, 4MB 1024
[    0.029696] Last level dTLB entries: 4KB 1024, 2MB 1024, 4MB 1024, 1GB 4
[    0.031195] Spectre V1 : Mitigation: usercopy/swapgs barriers and __user pointer sanitization
[    0.032003] Spectre V2 : Mitigation: Retpolines
[    0.033038] Spectre V2 : Spectre v2 / SpectreRSB mitigation: Filling RSB on context switch
[    0.036003] Spectre V2 : Spectre v2 / SpectreRSB : Filling RSB on VMEXIT
[    0.037521] Speculative Store Bypass: Vulnerable
[    0.038637] MDS: Mitigation: Clear CPU buffers
[    0.040002] MMIO Stale Data: Unknown: No mitigations
[    0.041158] SRBDS: Unknown: Dependent on hypervisor status
[    0.042598] Freeing SMP alternatives memory: 36K
[    0.153721] smpboot: CPU0: Intel(R) Core(TM) i5-4300U CPU @ 1.90GHz (family: 0x6, model: 0x45, stepping: 0x1)
[    0.156000] Performance Events: unsupported p6 CPU model 69 no PMU driver, software events only.
[    0.156041] Hierarchical SRCU implementation.
[    0.157685] NMI watchdog: Perf event create on CPU 0 failed with -2
[    0.159092] NMI watchdog: Perf NMI watchdog permanently disabled
[    0.160050] smp: Bringing up secondary CPUs ...
[    0.161190] x86: Booting SMP configuration:
[    0.162180] .... node  #0, CPUs:      #1
[    0.004000] kvm-clock: cpu 1, msr 0:7ff44041, secondary cpu clock
[    0.167347] smp: Brought up 1 node, 2 CPUs
[    0.168010] smpboot: Max logical packages: 1
[    0.168840] smpboot: Total of 2 processors activated (9976.91 BogoMIPS)
[    0.170240] devtmpfs: initialized
[    0.170240] x86/mm: Memory block size: 128MB
[    0.172201] evm: security.selinux
[    0.172868] evm: security.SMACK64
[    0.173538] evm: security.SMACK64EXEC
[    0.174339] evm: security.SMACK64TRANSMUTE
[    0.175163] evm: security.SMACK64MMAP
[    0.176004] evm: security.apparmor
[    0.176667] evm: security.ima
[    0.177262] evm: security.capability
[    0.178015] clocksource: jiffies: mask: 0xffffffff max_cycles: 0xffffffff, max_idle_ns: 7645041785100000 ns
[    0.180018] futex hash table entries: 512 (order: 3, 32768 bytes)
[    0.181220] pinctrl core: initialized pinctrl subsystem
[    0.182302] RTC time:  7:02:39, date: 03/28/23
[    0.184041] NET: Registered protocol family 16
[    0.185031] audit: initializing netlink subsys (disabled)
[    0.186097] audit: type=2000 audit(1679986964.177:1): state=initialized audit_enabled=0 res=1
[    0.188034] cpuidle: using governor ladder
[    0.188837] cpuidle: using governor menu
[    0.189685] ACPI: bus type PCI registered
[    0.190536] acpiphp: ACPI Hot Plug PCI Controller Driver version: 0.5
[    0.191798] PCI: Using configuration type 1 for base access
[    0.192996] HugeTLB registered 2.00 MiB page size, pre-allocated 0 pages
[    0.193380] ACPI: Added _OSI(Module Device)
[    0.196013] ACPI: Added _OSI(Processor Device)
[    0.197105] ACPI: Added _OSI(3.0 _SCP Extensions)
[    0.198214] ACPI: Added _OSI(Processor Aggregator Device)
[    0.200004] ACPI: Added _OSI(Linux-Dell-Video)
[    0.201070] ACPI: Added _OSI(Linux-Lenovo-NV-HDMI-Audio)
[    0.202325] ACPI: Added _OSI(Linux-HPI-Hybrid-Graphics)
[    0.203834] ACPI: Executed 1 blocks of module-level executable AML code
[    0.207695] ACPI: Interpreter enabled
[    0.208021] ACPI: (supports S0 S5)
[    0.208905] ACPI: Using IOAPIC for interrupt routing
[    0.212251] PCI: Using host bridge windows from ACPI; if necessary, use "pci=nocrs" and report a bug
[    0.214490] ACPI: Enabled 2 GPEs in block 00 to 07
[    0.222417] ACPI: PCI Root Bridge [PCI0] (domain 0000 [bus 00-ff])
[    0.223880] acpi PNP0A03:00: _OSC: OS supports [ASPM ClockPM Segments MSI]
[    0.224513] acpi PNP0A03:00: _OSC: not requesting OS control; OS requires [ExtendedConfig ASPM ClockPM MSI]
[    0.228014] acpi PNP0A03:00: fail to add MMCONFIG information, can't access extended PCI configuration space under this bridge.
[    0.230972] PCI host bridge to bus 0000:00
[    0.232007] pci_bus 0000:00: root bus resource [io  0x0000-0x0cf7 window]
[    0.233564] pci_bus 0000:00: root bus resource [io  0x0d00-0xffff window]
[    0.235126] pci_bus 0000:00: root bus resource [mem 0x000a0000-0x000bffff window]
[    0.236004] pci_bus 0000:00: root bus resource [mem 0x80000000-0xfdffffff window]
[    0.237727] pci_bus 0000:00: root bus resource [bus 00-ff]
[    0.241798] pci 0000:00:01.1: legacy IDE quirk: reg 0x10: [io  0x01f0-0x01f7]
[    0.244004] pci 0000:00:01.1: legacy IDE quirk: reg 0x14: [io  0x03f6]
[    0.245464] pci 0000:00:01.1: legacy IDE quirk: reg 0x18: [io  0x0170-0x0177]
[    0.247076] pci 0000:00:01.1: legacy IDE quirk: reg 0x1c: [io  0x0376]
[    0.281646] pci 0000:00:07.0: quirk: [io  0x4000-0x403f] claimed by PIIX4 ACPI
[    0.284018] pci 0000:00:07.0: quirk: [io  0x4100-0x410f] claimed by PIIX4 SMB
[    0.304454] ACPI: PCI Interrupt Link [LNKA] (IRQs 5 9 10 *11)
[    0.308333] ACPI: PCI Interrupt Link [LNKB] (IRQs 5 9 *10 11)
[    0.309761] ACPI: PCI Interrupt Link [LNKC] (IRQs 5 *9 10 11)
[    0.311232] ACPI: PCI Interrupt Link [LNKD] (IRQs 5 9 10 *11)
[    0.312420] SCSI subsystem initialized
[    0.313418] pci 0000:00:02.0: vgaarb: setting as boot VGA device
[    0.313427] pci 0000:00:02.0: vgaarb: VGA device added: decodes=io+mem,owns=io+mem,locks=none
[    0.316016] pci 0000:00:02.0: vgaarb: bridge control possible
[    0.317389] vgaarb: loaded
[    0.320031] ACPI: bus type USB registered
[    0.321066] usbcore: registered new interface driver usbfs
[    0.322347] usbcore: registered new interface driver hub
[    0.323610] usbcore: registered new device driver usb
[    0.324060] EDAC MC: Ver: 3.0.0
[    0.325083] PCI: Using ACPI for IRQ routing
[    0.325352] NetLabel: Initializing
[    0.328010] NetLabel:  domain hash size = 128
[    0.329075] NetLabel:  protocols = UNLABELED CIPSOv4 CALIPSO
[    0.330394] NetLabel:  unlabeled traffic allowed by default
[    0.332079] clocksource: Switched to clocksource kvm-clock
[    0.341947] VFS: Disk quotas dquot_6.6.0
[    0.344967] VFS: Dquot-cache hash table entries: 512 (order 0, 4096 bytes)
[    0.346686] AppArmor: AppArmor Filesystem Enabled
[    0.347826] pnp: PnP ACPI init
[    0.349721] pnp: PnP ACPI: found 3 devices
[    0.358830] clocksource: acpi_pm: mask: 0xffffff max_cycles: 0xffffff, max_idle_ns: 2085701024 ns
[    0.360980] NET: Registered protocol family 2
[    0.362116] IP idents hash table entries: 32768 (order: 6, 262144 bytes)
[    0.364049] TCP established hash table entries: 16384 (order: 5, 131072 bytes)
[    0.365755] TCP bind hash table entries: 16384 (order: 6, 262144 bytes)
[    0.368039] TCP: Hash tables configured (established 16384 bind 16384)
[    0.369677] UDP hash table entries: 1024 (order: 3, 32768 bytes)
[    0.371090] UDP-Lite hash table entries: 1024 (order: 3, 32768 bytes)
[    0.372600] NET: Registered protocol family 1
[    0.373671] pci 0000:00:00.0: Limiting direct PCI/PCI transfers
[    0.375097] pci 0000:00:01.0: Activating ISA DMA hang workarounds
[    0.376564] pci 0000:00:02.0: Video device with shadowed ROM at [mem 0x000c0000-0x000dffff]
[    0.378622] Unpacking initramfs...
[    0.662854] Freeing initrd memory: 19532K
[    0.663965] clocksource: tsc: mask: 0xffffffffffffffff max_cycles: 0x23f3ed6cc7b, max_idle_ns: 440795302954 ns
[    0.666390] platform rtc_cmos: registered platform RTC device (no PNP device found)
[    0.668166] Scanning for low memory corruption every 60 seconds
[    0.670309] Initialise system trusted keyrings
[    0.671395] Key type blacklist registered
[    0.672505] workingset: timestamp_bits=36 max_order=19 bucket_order=0
[    0.674998] zbud: loaded
[    0.676299] squashfs: version 4.0 (2009/01/31) Phillip Lougher
[    0.677939] fuse init (API version 7.26)
[    0.680841] Key type asymmetric registered
[    0.681883] Asymmetric key parser 'x509' registered
[    0.683208] Block layer SCSI generic (bsg) driver version 0.4 loaded (major 246)
[    0.684998] io scheduler noop registered
[    0.685939] io scheduler deadline registered
[    0.687018] io scheduler cfq registered (default)
[    0.688534] ACPI: AC Adapter [AC] (on-line)
[    0.689629] input: Power Button as /devices/LNXSYSTM:00/LNXPWRBN:00/input/input0
[    0.691397] ACPI: Power Button [PWRF]
[    0.692399] input: Sleep Button as /devices/LNXSYSTM:00/LNXSLPBN:00/input/input1
[    0.694104] ACPI: Sleep Button [SLPF]
[    0.695996] ACPI: Battery Slot [BAT0] (battery present)
[    0.696222] Serial: 8250/16550 driver, 32 ports, IRQ sharing enabled
[    0.719413] 00:02: ttyS0 at I/O 0x3f8 (irq = 4, base_baud = 115200) is a 16550A
[    0.722465] Linux agpgart interface v0.103
[    0.724692] loop: module loaded
[    0.726047] scsi host0: ata_piix
[    0.727112] scsi host1: ata_piix
[    0.727970] ata1: PATA max UDMA/33 cmd 0x1f0 ctl 0x3f6 bmdma 0xd000 irq 14
[    0.729574] ata2: PATA max UDMA/33 cmd 0x170 ctl 0x376 bmdma 0xd008 irq 15
[    0.731288] tun: Universal TUN/TAP device driver, 1.6
[    0.732561] PPP generic driver version 2.4.2
[    0.733628] ehci_hcd: USB 2.0 'Enhanced' Host Controller (EHCI) Driver
[    0.736278] ehci-pci: EHCI PCI platform driver
[    0.738153] ehci-platform: EHCI generic platform driver
[    0.739395] ohci_hcd: USB 1.1 'Open' Host Controller (OHCI) Driver
[    0.740887] ohci-pci: OHCI PCI platform driver
[    0.741949] ohci-platform: OHCI generic platform driver
[    0.743173] uhci_hcd: USB Universal Host Controller Interface driver
[    0.744679] i8042: PNP: PS/2 Controller [PNP0303:PS2K,PNP0f03:PS2M] at 0x60,0x64 irq 1,12
[    0.747082] serio: i8042 KBD port at 0x60,0x64 irq 1
[    0.748313] serio: i8042 AUX port at 0x60,0x64 irq 12
[    0.749568] mousedev: PS/2 mouse device common for all mice
[    0.751122] input: AT Translated Set 2 keyboard as /devices/platform/i8042/serio0/input/input2
[    0.753545] rtc_cmos rtc_cmos: rtc core: registered rtc_cmos as rtc0
[    0.755132] rtc_cmos rtc_cmos: alarms up to one day, 114 bytes nvram
[    0.756605] i2c /dev entries driver
[    0.757599] device-mapper: uevent: version 1.0.3
[    0.758865] device-mapper: ioctl: 4.37.0-ioctl (2017-09-20) initialised: dm-devel@redhat.com
[    0.760838] ledtrig-cpu: registered to indicate activity on CPUs
[    0.762651] NET: Registered protocol family 10
[    0.767485] Segment Routing with IPv6
[    0.768455] NET: Registered protocol family 17
[    0.769602] Key type dns_resolver registered
[    0.770983] mce: Using 0 MCE banks
[    0.771853] RAS: Correctable Errors collector initialized.
[    0.773146] sched_clock: Marking stable (773126757, 0)->(1001605939, -228479182)
[    0.775489] registered taskstats version 1
[    0.776523] Loading compiled-in X.509 certificates
[    0.780433] Loaded X.509 cert 'Build time autogenerated kernel key: 4d405f87ce750406625b929cd2e51cc76ab5bcf4'
[    0.783343] Loaded X.509 cert 'Canonical Ltd. Live Patch Signing: 14df34d1a87cf37625abec039ef2bf521249b969'
[    0.786343] Loaded X.509 cert 'Canonical Ltd. Kernel Module Signing: 88f752e560a1e0737e31163a466ad7b70a850c19'
[    0.788585] blacklist: Loading compiled-in revocation X.509 certificates
[    0.790179] Loaded X.509 cert 'Canonical Ltd. Secure Boot Signing: 61482aa2830d0ab2ad5af10b7250da9033ddcef0'
[    0.792409] Loaded X.509 cert 'Canonical Ltd. Secure Boot Signing (2017): 242ade75ac4a15e50d50c84b0d45ff3eae707a03'
[    0.794789] Loaded X.509 cert 'Canonical Ltd. Secure Boot Signing (ESM 2018): 365188c1d374d6b07c3c8f240f8ef722433d6a8b'
[    0.797264] Loaded X.509 cert 'Canonical Ltd. Secure Boot Signing (2019): c0746fd6c5da3ae827864651ad66ae47fe24b3e8'
[    0.801552] Loaded X.509 cert 'Canonical Ltd. Secure Boot Signing (2021 v1): a8d54bbb3825cfb94fa13c9f8a594a195c107b8d'
[    0.804201] Loaded X.509 cert 'Canonical Ltd. Secure Boot Signing (2021 v2): 4cf046892d6fd3c9a5b03f98d845f90851dc6a8c'
[    0.806666] Loaded X.509 cert 'Canonical Ltd. Secure Boot Signing (2021 v3): 100437bb6de6e469b581e61cd66bce3ef4ed53af'
[    0.809061] Loaded X.509 cert 'Canonical Ltd. Secure Boot Signing (Ubuntu Core 2019): c1d57b8f6b743f23ee41f4f7ee292f06eecadfb9'
[    0.811615] zswap: loaded using pool lzo/zbud
[    0.816632] Key type big_key registered
[    0.817583] Key type trusted registered
[    0.820321] Key type encrypted registered
[    0.821307] AppArmor: AppArmor sha1 policy hashing enabled
[    0.822577] ima: No TPM chip found, activating TPM-bypass! (rc=-19)
[    0.823981] ima: Allocated hash algorithm: sha1
[    0.825208] evm: HMAC attrs: 0x1
[    0.826278]   Magic number: 15:786:16
[    0.827284] rtc_cmos rtc_cmos: setting system clock to 2023-03-28 07:02:40 UTC (1679986960)
[    0.829357] BIOS EDD facility v0.16 2004-Jun-25, 0 devices found
[    0.831779] EDD information not available.
[    0.915070] Freeing unused kernel image memory: 2480K
[    0.928216] Write protecting the kernel read-only data: 20480k
[    0.931100] Freeing unused kernel image memory: 2008K
[    0.934043] Freeing unused kernel image memory: 1820K
[    0.943093] x86/mm: Checked W+X mappings: passed, no W+X pages found.
[    0.944598] x86/mm: Checking user space page tables
[    0.951995] x86/mm: Checked W+X mappings: passed, no W+X pages found.
Loading, please wait...
starting version 237
[    1.022850] e1000: Intel(R) PRO/1000 Network Driver - version 7.3.21-k8-NAPI
[    1.028962] e1000: Copyright (c) 1999-2006 Intel Corporation.
[    1.063158] Fusion MPT base driver 3.04.20
[    1.066227] Copyright (c) 1999-2008 LSI Corporation
[    1.087395] AVX2 version of gcm_enc/dec engaged.
[    1.088794] AES CTR mode by8 optimization enabled
[    1.119631] Fusion MPT SPI Host driver 3.04.20
[    1.269695] input: ImExPS/2 Generic Explorer Mouse as /devices/platform/i8042/serio1/input/input4
[    1.435255] e1000 0000:00:03.0 eth0: (PCI:33MHz:32-bit) 02:68:0a:01:d2:87
[    1.436619] e1000 0000:00:03.0 eth0: Intel(R) PRO/1000 Network Connection
[    1.438993] mptbase: ioc0: Initiating bringup
[    1.532855] ioc0: LSI53C1030 A0: Capabilities={Initiator}
[    1.781947] scsi host2: ioc0: LSI53C1030 A0, FwRev=00000000h, Ports=1, MaxQ=256, IRQ=20
[    1.953421] scsi 2:0:0:0: Direct-Access     VBOX     HARDDISK         1.0  PQ: 0 ANSI: 5
[    1.992292] scsi target2:0:0: Beginning Domain Validation
[    1.998459] scsi target2:0:0: Domain Validation skipping write tests
[    2.000831] scsi target2:0:0: Ending Domain Validation
[    2.002839] scsi target2:0:0: asynchronous
[    2.005213] scsi 2:0:1:0: Direct-Access     VBOX     HARDDISK         1.0  PQ: 0 ANSI: 5
[    2.296193] scsi target2:0:1: Beginning Domain Validation
[    2.299372] scsi target2:0:1: Domain Validation skipping write tests
[    2.301028] scsi target2:0:1: Ending Domain Validation
[    2.302465] scsi target2:0:1: asynchronous
[    2.307646] sd 2:0:0:0: Attached scsi generic sg0 type 0
[    2.307804] sd 2:0:0:0: [sda] 83886080 512-byte logical blocks: (42.9 GB/40.0 GiB)
[    2.310512] sd 2:0:0:0: [sda] Write Protect is off
[    2.311545] sd 2:0:1:0: Attached scsi generic sg1 type 0
[    2.311685] sd 2:0:0:0: [sda] Incomplete mode parameter data
[    2.313906] sd 2:0:0:0: [sda] Assuming drive cache: write through
[    2.315126] sd 2:0:1:0: [sdb] 20480 512-byte logical blocks: (10.5 MB/10.0 MiB)
[    2.316675] sd 2:0:1:0: [sdb] Write Protect is off
[    2.317729] sd 2:0:1:0: [sdb] Incomplete mode parameter data
[    2.318808] sd 2:0:1:0: [sdb] Assuming drive cache: write through
[    2.321887]  sda: sda1
[    2.323486] sd 2:0:0:0: [sda] Attached SCSI disk
[    2.324464] sd 2:0:1:0: [sdb] Attached SCSI disk
[    2.341672] e1000 0000:00:08.0 eth1: (PCI:33MHz:32-bit) 08:00:27:b0:26:d3
[    2.343046] e1000 0000:00:08.0 eth1: Intel(R) PRO/1000 Network Connection
[    2.346609] e1000 0000:00:08.0 enp0s8: renamed from eth1
[    2.379104] e1000 0000:00:03.0 enp0s3: renamed from eth0
Begin: Loading essential drivers ... [    3.836066] raid6: sse2x1   gen()  8641 MB/s
[    3.884050] raid6: sse2x1   xor()  6077 MB/s
[    3.932030] raid6: sse2x2   gen() 11161 MB/s
[    3.980024] raid6: sse2x2   xor()  7374 MB/s
[    4.028025] raid6: sse2x4   gen() 13377 MB/s
[    4.076032] raid6: sse2x4   xor()  8434 MB/s
[    4.124067] raid6: avx2x1   gen() 17521 MB/s
[    4.172044] raid6: avx2x1   xor() 12515 MB/s
[    4.220045] raid6: avx2x2   gen() 20974 MB/s
[    4.268043] raid6: avx2x2   xor() 13227 MB/s
[    4.316053] raid6: avx2x4   gen() 24023 MB/s
[    4.364042] raid6: avx2x4   xor() 15301 MB/s
[    4.365081] raid6: using algorithm avx2x4 gen() 24023 MB/s
[    4.366462] raid6: .... xor() 15301 MB/s, rmw enabled
[    4.367815] raid6: using avx2x2 recovery algorithm
[    4.371197] xor: automatically using best checksumming function   avx       
[    4.374537] async_tx: api initialized (async)
done.
Begin: Running /scripts/init-premount ... done.
Begin: Mounting root file system ... Begin: Running /scripts/local-top ... done.
Begin: Running /scripts/local-premount ... [    4.444778] Btrfs loaded, crc32c=crc32c-intel
Scanning for Btrfs filesystems
done.
Warning: fsck not present, so skipping root file system
[    4.479706] EXT4-fs (sda1): mounted filesystem with ordered data mode. Opts: (null)
done.
Begin: Running /scripts/local-bottom ... done.
Begin: Running /scripts/init-bottom ... done.
[    4.692255] ip_tables: (C) 2000-2006 Netfilter Core Team
[    4.703939] systemd[1]: systemd 237 running in system mode. (+PAM +AUDIT +SELINUX +IMA +APPARMOR +SMACK +SYSVINIT +UTMP +LIBCRYPTSETUP +GCRYPT +GNUTLS +ACL +XZ +LZ4 +SECCOMP +BLKID +ELFUTILS +KMOD -IDN2 +IDN -PCRE2 default-hierarchy=hybrid)
[    4.709158] systemd[1]: Detected virtualization oracle.
[    4.710398] systemd[1]: Detected architecture x86-64.

Welcome to [1mUbuntu 18.04.6 LTS[0m!

[    4.717879] systemd[1]: Set hostname to <ubuntu>.
[    4.721021] systemd[1]: Initializing machine ID from random generator.
[    4.722784] systemd[1]: Installed transient /etc/machine-id file.
[    5.004348] systemd[1]: Reached target Swap.
[[0;32m  OK  [0m] Reached target Swap.
[    5.006280] systemd[1]: Started Forward Password Requests to Wall Directory Watch.
[[0;32m  OK  [0m] Started Forward Password Requests to Wall Directory Watch.
[    5.009469] systemd[1]: Reached target User and Group Name Lookups.
[[0;32m  OK  [0m] Reached target User and Group Name Lookups.
[    5.014859] systemd[1]: Created slice System Slice.
[[0;32m  OK  [0m] Created slice System Slice.
[[0;32m  OK  [0m] Listening on Journal Socket.
         Starting Uncomplicated firewall...
         Mounting POSIX Message Queue File System...
[[0;32m  OK  [0m] Listening on Device-mapper event daemon FIFOs.
[[0;32m  OK  [0m] Listening on udev Kernel Socket.
[[0;32m  OK  [0m] Listening on /dev/initctl Compatibility Named Pipe.
[[0;32m  OK  [0m] Listening on Network Service Netlink Socket.
         Starting Load Kernel Modules...
         Starting Create list of required st…ce nodes for the current kernel...
[[0;32m  OK  [0m] Created slice system-serial\x2dgetty.slice.
[[0;32m  OK  [0m] Set up automount Arbitrary Executab…rmats File System Automount Point.
[[0;32m  OK  [0m] Listening on LVM2 metadata daemon socket.
         Starting Monitoring of LVM2 mirrors…ng dmeventd or progress polling...
[[0;32m  OK  [0m] Listening on udev Control Socket.
[    5.045908] Loading iSCSI transport class v2.0-870.
[    5.053302] iscsi: registered transport (tcp)
         Starting udev Coldplug all Devices...
[[0;32m  OK  [0m] Listening on Syslog Socket.
[[0;32m  OK  [0m] Listening on Journal Socket (/dev/log).
         Mounting Huge Pages File System...
         Starting Set the console keyboard layout...
[[0;32m  OK  [0m] Listening on Journal Audit Socket.
         Starting Journal Service...
[[0;32m  OK  [0m] Reached target Mounting snaps.
[[0;32m  OK  [0m] Reached target Mounted snaps.
[    5.140071] iscsi: registered transport (iser)
[[0;32m  OK  [0m] Created slice User and Session Slice.
[[0;32m  OK  [0m] Reached target System Time Synchronized.
         Mounting Kernel Debug File System...
[[0;32m  OK  [0m] Listening on fsck to fsckd communication Socket.
         Starting File System Check on Root Device...
[[0;32m  OK  [0m] Reached target Slices.
[[0;32m  OK  [0m] Listening on LVM2 poll daemon socket.
[[0;32m  OK  [0m] Started Uncomplicated firewall.
[[0;32m  OK  [0m] Mounted POSIX Message Queue File System.
[[0;32m  OK  [0m] Started Load Kernel Modules.
[[0;32m  OK  [0m] Started Create list of required sta…vice nodes for the current kernel.
[[0;32m  OK  [0m] Mounted Huge Pages File System.
[[0;32m  OK  [0m] Mounted Kernel Debug File System.
[[0;32m  OK  [0m] Started LVM2 metadata daemon.
         Starting Create Static Device Nodes in /dev...
         Mounting FUSE Control File System...
         Starting Apply Kernel Variables...
         Mounting Kernel Configuration File System...
[[0;32m  OK  [0m] Started Journal Service.
[[0;32m  OK  [0m] Started Create Static Device Nodes in /dev.
[[0;32m  OK  [0m] Mounted FUSE Control File System.
[[0;32m  OK  [0m] Mounted Kernel Configuration File System.
[[0;32m  OK  [0m] Started File System Check Daemon to report status.
[[0;32m  OK  [0m] Started udev Coldplug all Devices.
[[0;32m  OK  [0m] Started Monitoring of LVM2 mirrors,…sing dmeventd or progress polling.
[[0;32m  OK  [0m] Started Apply Kernel Variables.
[[0;32m  OK  [0m] Started File System Check on Root Device.
         Starting Remount Root and Kernel File Systems...
[[0;32m  OK  [0m] Started Remount Root and Kernel File Systems.
         Starting Load/Save Random Seed...
         Starting udev Kernel Device Manager...
         Starting Flush Journal to Persistent Storage...
[[0;32m  OK  [0m] Started Load/Save Random Seed.
[[0;32m  OK  [0m] Started udev Kernel Device Manager.
[[0;32m  OK  [0m] Started Flush Journal to Persistent Storage.
[[0;32m  OK  [0m] Found device /dev/ttyS0.
[[0;32m  OK  [0m] Listening on Load/Save RF Kill Switch Status /dev/rfkill Watch.
         Mounting Arbitrary Executable File Formats File System...
[[0;32m  OK  [0m] Mounted Arbitrary Executable File Formats File System.
[[0;32m  OK  [0m] Started Set the console keyboard layout.
[[0;32m  OK  [0m] Reached target Local File Systems (Pre).
[[0;32m  OK  [0m] Reached target Local File Systems.
         Starting Commit a transient machine-id on disk...
         Starting AppArmor initialization...
         Starting Create Volatile Files and Directories...
         Starting Set console font and keymap...
         Starting ebtables ruleset management...
         Starting Tell Plymouth To Write Out Runtime Data...
[[0;32m  OK  [0m] Started Dispatch Password Requests to Console Directory Watch.
[[0;32m  OK  [0m] Reached target Local Encrypted Volumes.
[[0;32m  OK  [0m] Started Set console font and keymap.
[[0;32m  OK  [0m] Started Tell Plymouth To Write Out Runtime Data.
[[0;32m  OK  [0m] Started Create Volatile Files and Directories.
         Starting Update UTMP about System Boot/Shutdown...
[[0;32m  OK  [0m] Started Update UTMP about System Boot/Shutdown.
[[0;32m  OK  [0m] Started Commit a transient machine-id on disk.
[[0;32m  OK  [0m] Started ebtables ruleset management.
[[0;32m  OK  [0m] Started AppArmor initialization.
         Starting Load AppArmor profiles managed internally by snapd...
         Starting Initial cloud-init job (pre-networking)...
[[0;32m  OK  [0m] Started Load AppArmor profiles managed internally by snapd.
[    8.614940] cloud-init[686]: Cloud-init v. 23.1.1-0ubuntu0~18.04.1 running 'init-local' at Tue, 28 Mar 2023 07:02:47 +0000. Up 8.23 seconds.
[[0;32m  OK  [0m] Started Initial cloud-init job (pre-networking).
[[0;32m  OK  [0m] Reached target Network (Pre).
         Starting Network Service...
[[0;32m  OK  [0m] Started Network Service.
         Starting Network Name Resolution...
         Starting Wait for Network to be Configured...
[[0;32m  OK  [0m] Started Network Name Resolution.
[[0;32m  OK  [0m] Reached target Network.
[[0;32m  OK  [0m] Reached target Host and Network Name Lookups.
[[0;32m  OK  [0m] Started Wait for Network to be Configured.
         Starting Initial cloud-init job (metadata service crawler)...
[   11.144922] cloud-init[802]: Cloud-init v. 23.1.1-0ubuntu0~18.04.1 running 'init' at Tue, 28 Mar 2023 07:02:50 +0000. Up 10.95 seconds.
[   11.146964] cloud-init[802]: ci-info: ++++++++++++++++++++++++++++++++++++++Net device info++++++++++++++++++++++++++++++++++++++
[   11.148908] cloud-init[802]: ci-info: +--------+-------+---------------------------+---------------+--------+-------------------+
[   11.151059] cloud-init[802]: ci-info: | Device |   Up  |          Address          |      Mask     | Scope  |     Hw-Address    |
[   11.153020] cloud-init[802]: ci-info: +--------+-------+---------------------------+---------------+--------+-------------------+
[   11.155014] cloud-init[802]: ci-info: | enp0s3 |  True |         10.0.2.15         | 255.255.255.0 | global | 02:68:0a:01:d2:87 |
[   11.156766] cloud-init[802]: ci-info: | enp0s3 |  True | fe80::68:aff:fe01:d287/64 |       .       |  link  | 02:68:0a:01:d2:87 |
[   11.158498] cloud-init[802]: ci-info: | enp0s8 | False |             .             |       .       |   .    | 08:00:27:b0:26:d3 |
[   11.160157] cloud-init[802]: ci-info: |   lo   |  True |         127.0.0.1         |   255.0.0.0   |  host  |         .         |
[   11.162029] cloud-init[802]: ci-info: |   lo   |  True |          ::1/128          |       .       |  host  |         .         |
[   11.163934] cloud-init[802]: ci-info: +--------+-------+---------------------------+---------------+--------+-------------------+
[   11.165827] cloud-init[802]: ci-info: ++++++++++++++++++++++++++++Route IPv4 info+++++++++++++++++++++++++++++
[   11.167382] cloud-init[802]: ci-info: +-------+-------------+----------+-----------------+-----------+-------+
[   11.169040] cloud-init[802]: ci-info: | Route | Destination | Gateway  |     Genmask     | Interface | Flags |
[   11.170613] cloud-init[802]: ci-info: +-------+-------------+----------+-----------------+-----------+-------+
[   11.172219] cloud-init[802]: ci-info: |   0   |   0.0.0.0   | 10.0.2.2 |     0.0.0.0     |   enp0s3  |   UG  |
[   11.173784] cloud-init[802]: ci-info: |   1   |   10.0.2.0  | 0.0.0.0  |  255.255.255.0  |   enp0s3  |   U   |
[   11.175492] cloud-init[802]: ci-info: |   2   |   10.0.2.2  | 0.0.0.0  | 255.255.255.255 |   enp0s3  |   UH  |
[   11.177079] cloud-init[802]: ci-info: +-------+-------------+----------+-----------------+-----------+-------+
[   11.178639] cloud-init[802]: ci-info: +++++++++++++++++++Route IPv6 info+++++++++++++++++++
[   11.179963] cloud-init[802]: ci-info: +-------+-------------+---------+-----------+-------+
[   11.181244] cloud-init[802]: ci-info: | Route | Destination | Gateway | Interface | Flags |
[   11.182720] cloud-init[802]: ci-info: +-------+-------------+---------+-----------+-------+
[   11.184025] cloud-init[802]: ci-info: |   1   |  fe80::/64  |    ::   |   enp0s3  |   U   |
[   11.185489] cloud-init[802]: ci-info: |   3   |    local    |    ::   |   enp0s3  |   U   |
[   11.186807] cloud-init[802]: ci-info: |   4   |   ff00::/8  |    ::   |   enp0s3  |   U   |
[   11.188245] cloud-init[802]: ci-info: +-------+-------------+---------+-----------+-------+
[   13.029758] cloud-init[802]: Generating public/private rsa key pair.
[   13.031009] cloud-init[802]: Your identification has been saved in /etc/ssh/ssh_host_rsa_key.
[   13.032519] cloud-init[802]: Your public key has been saved in /etc/ssh/ssh_host_rsa_key.pub.
[   13.034063] cloud-init[802]: The key fingerprint is:
[   13.034981] cloud-init[802]: SHA256:laL49QYuWVj04AmO7vb1U9eYsBvMwc6Cj/jqfN9Am78 root@ubuntu-bionic
[   13.036752] cloud-init[802]: The key's randomart image is:
[   13.037648] cloud-init[802]: +---[RSA 2048]----+
[   13.038484] cloud-init[802]: |      . o        |
[   13.042841] cloud-init[802]: |     o + + .     |
[   13.043810] cloud-init[802]: |    . . = +.     |
[   13.044701] cloud-init[802]: |   . . + o  +    |
[   13.045538] cloud-init[802]: |    o o S..= + + |
[   13.046385] cloud-init[802]: |   . . =.+.oO + .|
[   13.050985] cloud-init[802]: |    o +.oo*o +   |
[   13.051884] cloud-init[802]: |   . o.oooo+.    |
[   13.052886] cloud-init[802]: |     .=+..o.E.   |
[   13.053707] cloud-init[802]: +----[SHA256]-----+
[   13.054883] cloud-init[802]: Generating public/private dsa key pair.
[   13.056260] cloud-init[802]: Your identification has been saved in /etc/ssh/ssh_host_dsa_key.
[   13.057458] cloud-init[802]: Your public key has been saved in /etc/ssh/ssh_host_dsa_key.pub.
[   13.058751] cloud-init[802]: The key fingerprint is:
[   13.059674] cloud-init[802]: SHA256:4ieLCV58fPmOF+smHHEFrKqDuHJ+Yij7UxtvVtyioBw root@ubuntu-bionic
[   13.061231] cloud-init[802]: The key's randomart image is:
[   13.062153] cloud-init[802]: +---[DSA 1024]----+
[   13.080150] cloud-init[802]: |         ...     |
[   13.082907] cloud-init[802]: |          . .    |
[   13.083949] cloud-init[802]: |         . .     |
[   13.090916] cloud-init[802]: |        o .      |
[   13.091871] cloud-init[802]: |      .oS+       |
[   13.093028] cloud-init[802]: |  E.+o..=.o      |
[   13.093900] cloud-init[802]: | +.=o*=++o o     |
[   13.094682] cloud-init[802]: |=.Oo=+==oo+      |
[   13.095513] cloud-init[802]: |=B++o+. .*+      |
[   13.096340] cloud-init[802]: +----[SHA256]-----+
[   13.097293] cloud-init[802]: Generating public/private ecdsa key pair.
[   13.098432] cloud-init[802]: Your identification has been saved in /etc/ssh/ssh_host_ecdsa_key.
[   13.100256] cloud-init[802]: Your public key has been saved in /etc/ssh/ssh_host_ecdsa_key.pub.
[   13.102024] cloud-init[802]: The key fingerprint is:
[   13.103131] cloud-init[802]: SHA256:3HbggSXogb0NtRPJeKoihKv4YVQCekYnemetiMlaOps root@ubuntu-bionic
[   13.104978] cloud-init[802]: The key's randomart image is:
[   13.106117] cloud-init[802]: +---[ECDSA 256]---+
[   13.108837] cloud-init[802]: |. o .o =+..      |
[   13.109944] cloud-init[802]: |.+ o..* +*       |
[   13.110936] cloud-init[802]: |+ = +..B+ o      |
[   13.111932] cloud-init[802]: |oB * .+..+ o     |
[   13.112964] cloud-init[802]: |+o+ ..  S + .    |
[   13.113946] cloud-init[802]: |++. .    . .     |
[   13.114935] cloud-init[802]: |*.o.             |
[   13.115767] cloud-init[802]: |o= .             |
[   13.116682] cloud-init[802]: |E..              |
[   13.117574] cloud-init[802]: +----[SHA256]-----+
[   13.118467] cloud-init[802]: Generating public/private ed25519 key pair.
[   13.119718] cloud-init[802]: Your identification has been saved in /etc/ssh/ssh_host_ed25519_key.
[   13.121470] cloud-init[802]: Your public key has been saved in /etc/ssh/ssh_host_ed25519_key.pub.
[   13.123324] cloud-init[802]: The key fingerprint is:
[   13.124236] cloud-init[802]: SHA256:8mxH5RP9VAMTtjDw/wa4NC27mIUG1M/g4zvTCwCHnVs root@ubuntu-bionic
[   13.125776] cloud-init[802]: The key's randomart image is:
[   13.126815] cloud-init[802]: +--[ED25519 256]--+
[   13.127812] cloud-init[802]: |         ..o =o..|
[   13.128810] cloud-init[802]: |      o o . +.o o|
[   13.129811] cloud-init[802]: |     o = E .o.. .|
[   13.130706] cloud-init[802]: |      + + +o+. o |
[   13.131572] cloud-init[802]: |      .+So.Bo+  .|
[   13.132466] cloud-init[802]: |       ++.+ =.o  |
[   13.152237] cloud-init[802]: |        +=o+   o |
[   13.153389] cloud-init[802]: |       ..+*.. .  |
[   13.154278] cloud-init[802]: |         +oo.    |
[   13.155082] cloud-init[802]: +----[SHA256]-----+
[[0;32m  OK  [0m] Started Initial cloud-init job (metadata service crawler).
[[0;32m  OK  [0m] Reached target Cloud-config availability.
[[0;32m  OK  [0m] Reached target System Initialization.
[[0;32m  OK  [0m] Started Daily apt download activities.
[[0;32m  OK  [0m] Started Discard unused blocks once a week.
         Starting LXD - unix socket.
[[0;32m  OK  [0m] Started Message of the Day.
         Starting Socket activation for snappy daemon.
[[0;32m  OK  [0m] Started ACPI Events Check.
[[0;32m  OK  [0m] Listening on UUID daemon activation socket.
[[0;32m  OK  [0m] Listening on Open-iSCSI iscsid Socket.
[[0;32m  OK  [0m] Listening on cloud-init hotplug hook socket.
[[0;32m  OK  [0m] Listening on D-Bus System Message Bus Socket.
[[0;32m  OK  [0m] Reached target Paths.
[[0;32m  OK  [0m] Started Daily Cleanup of Temporary Directories.
[[0;32m  OK  [0m] Started Daily apt upgrade and clean activities.
[[0;32m  OK  [0m] Listening on ACPID Listen Socket.
[[0;32m  OK  [0m] Started Ubuntu Advantage Timer for running repeated jobs.
[[0;32m  OK  [0m] Reached target Timers.
[[0;32m  OK  [0m] Reached target Network is Online.
[[0;32m  OK  [0m] Reached target Remote File Systems (Pre).
[[0;32m  OK  [0m] Reached target Remote File Systems.
         Starting Availability of block devices...
[[0;32m  OK  [0m] Listening on LXD - unix socket.
[[0;32m  OK  [0m] Listening on Socket activation for snappy daemon.
[[0;32m  OK  [0m] Reached target Sockets.
[[0;32m  OK  [0m] Reached target Basic System.
         Starting Login Service...
[[0;32m  OK  [0m] Started Deferred execution scheduler.
         Starting Permit User Sessions...
         Starting Virtualbox guest utils...
[[0;32m  OK  [0m] Started Regular background program processing daemon.
         Starting LSB: Record successful boot for GRUB...
         Starting Snap Daemon...
         Starting LSB: automatic crash report generation...
[[0;32m  OK  [0m] Started irqbalance daemon.
         Starting Dispatcher daemon for systemd-networkd...
[[0;32m  OK  [0m] Started FUSE filesystem for LXC.
[[0;32m  OK  [0m] Reached target Login Prompts (Pre).
         Starting Pollinate to seed the pseudo random number generator...
         Starting System Logging Service...
[[0;32m  OK  [0m] Started D-Bus System Message Bus.
         Starting Accounts Service...
         Starting LXD - container startup/shutdown...
[[0;32m  OK  [0m] Started System Logging Service.
[[0;32m  OK  [0m] Started Availability of block devices.
[[0;32m  OK  [0m] Started Permit User Sessions.
[[0;32m  OK  [0m] Started Login Service.
[[0;32m  OK  [0m] Started Unattended Upgrades Shutdown.
         Starting Terminate Plymouth Boot Screen...
         Starting Hold until boot process finishes up...
[[0;32m  OK  [0m] Started Hold until boot process finishes up.
[[0;32m  OK  [0m] Started Serial Getty on ttyS0.
         Starting Set console scheme...
[[0;32m  OK  [0m] Started Terminate Plymouth Boot Screen.
[[0;32m  OK  [0m] Started Set console scheme.
[[0;32m  OK  [0m] Created slice system-getty.slice.
[[0;32m  OK  [0m] Started Getty on tty1.
[[0;32m  OK  [0m] Reached target Login Prompts.
[[0;32m  OK  [0m] Started LSB: automatic crash report generation.
[[0;32m  OK  [0m] Started LSB: Record successful boot for GRUB.
[[0;32m  OK  [0m] Started Virtualbox guest utils.
         Starting Authorization Manager...
[[0;32m  OK  [0m] Started Authorization Manager.
[[0;32m  OK  [0m] Started Accounts Service.
[[0;32m  OK  [0m] Started LXD - container startup/shutdown.
[[0;32m  OK  [0m] Started Dispatcher daemon for systemd-networkd.
[[0;32m  OK  [0m] Started Snap Daemon.
         Starting Wait until snapd is fully seeded...
         Starting Time & Date Service...
[[0;32m  OK  [0m] Started Time & Date Service.
[[0;32m  OK  [0m] Started Pollinate to seed the pseudo random number generator.
         Starting OpenBSD Secure Shell server...
[[0;32m  OK  [0m] Started OpenBSD Secure Shell server.
[[0;32m  OK  [0m] Created slice User Slice of vagrant.
         Starting User Manager for UID 1000...
[[0;32m  OK  [0m] Started Session 1 of user vagrant.
[[0;32m  OK  [0m] Started User Manager for UID 1000.
[[0;32m  OK  [0m] Started Wait until snapd is fully seeded.
         Starting Apply the settings specified in cloud-config...
[   19.593459] cloud-init[1429]: Cloud-init v. 23.1.1-0ubuntu0~18.04.1 running 'modules:config' at Tue, 28 Mar 2023 07:02:58 +0000. Up 18.93 seconds.

Ubuntu 18.04.6 LTS ubuntu-bionic ttyS0

ubuntu-bionic login: ci-info: no authorized SSH keys fingerprints found for user ubuntu.
<14>Mar 28 07:03:00 cloud-init: #############################################################
<14>Mar 28 07:03:00 cloud-init: -----BEGIN SSH HOST KEY FINGERPRINTS-----
<14>Mar 28 07:03:00 cloud-init: 1024 SHA256:4ieLCV58fPmOF+smHHEFrKqDuHJ+Yij7UxtvVtyioBw root@ubuntu-bionic (DSA)
<14>Mar 28 07:03:00 cloud-init: 256 SHA256:3HbggSXogb0NtRPJeKoihKv4YVQCekYnemetiMlaOps root@ubuntu-bionic (ECDSA)
<14>Mar 28 07:03:00 cloud-init: 256 SHA256:8mxH5RP9VAMTtjDw/wa4NC27mIUG1M/g4zvTCwCHnVs root@ubuntu-bionic (ED25519)
<14>Mar 28 07:03:00 cloud-init: 2048 SHA256:laL49QYuWVj04AmO7vb1U9eYsBvMwc6Cj/jqfN9Am78 root@ubuntu-bionic (RSA)
<14>Mar 28 07:03:00 cloud-init: -----END SSH HOST KEY FINGERPRINTS-----
<14>Mar 28 07:03:00 cloud-init: #############################################################
-----BEGIN SSH HOST KEY KEYS-----
ecdsa-sha2-nistp256 AAAAE2VjZHNhLXNoYTItbmlzdHAyNTYAAAAIbmlzdHAyNTYAAABBBBQbTMz+0znG1RfIHoLgq2XqlmCCnJQ3uElB2DKEBNulfx4TuqwMgZMLcm7V9Q8L4kFrAsbRc/QibMbsaWVCfx8= root@ubuntu-bionic
ssh-ed25519 AAAAC3NzaC1lZDI1NTE5AAAAIKKI3X/HrPu0i+MzUwj8IcZz5DHHxmAcmTImG8Q2zI+p root@ubuntu-bionic
ssh-rsa AAAAB3NzaC1yc2EAAAADAQABAAABAQCehfzutVmc/bcCdn7JcyPDRfJlJIoR6ijgN9HVoFaJnaT7Axsc/SNpVAVysGzeRk+CEX+HAUXsosQfy+vf2L26cuCkedVAXfrbMaA/8Ni4mXSJKDLl8uXy70AP5n7FwaJIIl5AOndNifu3V+C87beWtKfrWTsVOhh250vb9HYocgisFMZg+NFt+qz3C3lPzsYUfxvh1fe2ghsWpQcXQj5bNIOZ/QWFYymbZJufdHwPqXcNKutLoOSTduV6gFD+dEj7GahGAkApAG1SOTONnWU9pEhZIA/9ov0UYKDxA/39hDoWsRVFnVldTP2xWm4yjfNmfxRYXIIH9DqvVb3Hilr7 root@ubuntu-bionic
-----END SSH HOST KEY KEYS-----
[   20.984377] cloud-init[1598]: Cloud-init v. 23.1.1-0ubuntu0~18.04.1 running 'modules:final' at Tue, 28 Mar 2023 07:03:00 +0000. Up 20.74 seconds.
[   20.986817] cloud-init[1598]: Cloud-init v. 23.1.1-0ubuntu0~18.04.1 finished at Tue, 28 Mar 2023 07:03:00 +0000. Datasource DataSourceNoCloud [seed=/dev/sdb][dsmode=net].  Up 20.97 seconds
